<?xml version="1.0" encoding="UTF-8"?>
<!-- Generated by org.testng.reporters.JUnitReportReporter -->
<testsuite skipped="0" hostname="Shiv" name="simple.Test2" tests="6" failures="0" timestamp="2021-10-11T10:46:15 IST" time="4.965" errors="0">
  <testcase name="checkQueryParam" time="2.107" classname="simple.Test2"/>
  <system-out/>
  <testcase name="JsonSchemaValidator" time="1.855" classname="simple.Test2"/>
  <system-out/>
  <testcase name="checkHeader" time="0.316" classname="simple.Test2"/>
  <system-out/>
  <testcase name="deserializationTest" time="0.428" classname="simple.Test2"/>
  <system-out/>
  <testcase name="serializationTest" time="0.022" classname="simple.Test2"/>
  <system-out/>
  <testcase name="jsonPathCheck" time="0.237" classname="simple.Test2"/>
  <system-out/>
</testsuite> <!-- simple.Test2 -->
